[21-01-2023 15:05:22] [31merror[39m: [31mThe `uri` parameter to `openUri()` must be a string, got "undefined". Make sure the first parameter to `mongoose.connect()` or `mongoose.createConnection()` is a string.[39m
[21-01-2023 15:07:17] [31merror[39m: [31mThe `uri` parameter to `openUri()` must be a string, got "undefined". Make sure the first parameter to `mongoose.connect()` or `mongoose.createConnection()` is a string.[39m
[21-01-2023 15:08:25] [31merror[39m: [31mPOST /auth/login 404[39m
[21-01-2023 15:08:56] [31merror[39m: [31mPOST /auth/register 400[39m
[21-01-2023 15:09:06] [33mwarn[39m: [33mPOST /auth/register 500[39m
[21-01-2023 15:21:11] [31merror[39m: [31mPOST /auth/register 400[39m
[21-01-2023 15:21:11] [33mwarn[39m: [33mPOST /auth/register 500[39m
[21-01-2023 15:25:36] [31merror[39m: [31mPOST /auth/register 400[39m
[21-01-2023 15:25:37] [33mwarn[39m: [33mPOST /auth/register 500[39m
[21-01-2023 15:28:23] [31merror[39m: [31mPOST /auth/register 400[39m
[21-01-2023 15:28:27] [33mwarn[39m: [33mPOST /auth/register 500[39m
[21-01-2023 15:34:36] [31merror[39m: [31mPOST /auth/register 400[39m
[21-01-2023 15:34:36] [33mwarn[39m: [33mPOST /auth/register 500[39m
[21-01-2023 15:43:49] [31merror[39m: [31mGET / 302[39m
[21-01-2023 15:44:08] [31merror[39m: [31mGET / 302[39m
[21-01-2023 15:44:25] [31merror[39m: [31mPOST /auth/register 400[39m
[21-01-2023 15:44:25] [33mwarn[39m: [33mPOST /auth/register 500[39m
[21-01-2023 15:44:32] [31merror[39m: [31mGET /assets/css/bootstrap.min.css.map 404[39m
[21-01-2023 16:07:53] [33mwarn[39m: [33mPOST /auth/register 500[39m
[21-01-2023 16:09:20] [33mwarn[39m: [33mPOST /auth/register 500[39m
[21-01-2023 16:13:13] [33mwarn[39m: [33mPOST /auth/register 500[39m
[21-01-2023 16:15:27] [33mwarn[39m: [33mPOST /auth/register 500[39m
[21-01-2023 19:04:43] [31merror[39m: [31mPOST /auth/login 404[39m
[21-01-2023 19:04:59] [33mwarn[39m: [33mPOST /auth/register 500[39m
[22-01-2023 18:49:24] [31merror[39m: [31mGET /favicon.ico 404[39m
[22-01-2023 18:49:43] [31merror[39m: [31mGET / 302[39m
[22-01-2023 18:50:02] [33mwarn[39m: [33mPOST /auth/register 500[39m
[22-01-2023 19:17:09] [33mwarn[39m: [33mPOST /auth/register 500[39m
[22-01-2023 19:20:47] [33mwarn[39m: [33mPOST /auth/register 500[39m
[22-01-2023 19:34:37] [33mwarn[39m: [33mPOST /auth/register 500[39m
[22-01-2023 19:36:06] [33mwarn[39m: [33mPOST /auth/register 500[39m
[22-01-2023 19:40:11] [33mwarn[39m: [33mPOST /auth/register 500[39m
[23-01-2023 20:34:21] [31merror[39m: [31mGET /favicon.ico 404[39m
[23-01-2023 20:34:45] [31merror[39m: [31mconnect ECONNREFUSED ::1:27017[39m
[23-01-2023 20:34:46] [33mwarn[39m: [33mPOST /auth/register 500[39m
[23-01-2023 20:52:40] [31merror[39m: [31mconnect ECONNREFUSED ::1:27017[39m
[23-01-2023 20:52:43] [33mwarn[39m: [33mPOST /auth/register 500[39m
[23-01-2023 21:07:32] [33mwarn[39m: [33mPOST /auth/register 500[39m
[23-01-2023 21:11:37] [33mwarn[39m: [33mPOST /auth/register 500[39m
[23-01-2023 21:17:30] [33mwarn[39m: [33mPOST /auth/register 500[39m
[23-01-2023 21:31:16] [31merror[39m: [31mThe `uri` parameter to `openUri()` must be a string, got "undefined". Make sure the first parameter to `mongoose.connect()` or `mongoose.createConnection()` is a string.[39m
[23-01-2023 21:31:16] [31merror[39m: [31mGET /assets/css/bootstrap.min.css.map 404[39m
[23-01-2023 21:33:11] [31merror[39m: [31mThe `uri` parameter to `openUri()` must be a string, got "undefined". Make sure the first parameter to `mongoose.connect()` or `mongoose.createConnection()` is a string.[39m
[23-01-2023 21:34:03] [31merror[39m: [31mThe `uri` parameter to `openUri()` must be a string, got "undefined". Make sure the first parameter to `mongoose.connect()` or `mongoose.createConnection()` is a string.[39m
[23-01-2023 21:37:58] [31merror[39m: [31mPOST /auth/register 400[39m
[23-01-2023 21:37:59] [33mwarn[39m: [33mPOST /auth/register 500[39m
[23-01-2023 21:38:27] [31merror[39m: [31mPOST /auth/register 400[39m
[23-01-2023 21:38:27] [33mwarn[39m: [33mPOST /auth/register 500[39m
[23-01-2023 21:39:04] [31merror[39m: [31mPOST /auth/register 400[39m
[23-01-2023 21:39:04] [33mwarn[39m: [33mPOST /auth/register 500[39m
[23-01-2023 21:41:07] [31merror[39m: [31mPOST /auth/register 400[39m
[23-01-2023 21:41:07] [33mwarn[39m: [33mPOST /auth/register 500[39m
[23-01-2023 21:46:03] [31merror[39m: [31mPOST /auth/login 404[39m
[23-01-2023 21:46:30] [31merror[39m: [31mPOST /auth/login 404[39m
[23-01-2023 21:50:07] [31merror[39m: [31mPOST /auth/register 400[39m
[23-01-2023 21:50:08] [33mwarn[39m: [33mPOST /auth/register 500[39m
[23-01-2023 21:56:30] [33mwarn[39m: [33mPOST /auth/register 500[39m
[23-01-2023 21:58:45] [33mwarn[39m: [33mPOST /auth/register 500[39m
[23-01-2023 22:00:32] [33mwarn[39m: [33mPOST /auth/register 500[39m
[23-01-2023 22:02:18] [33mwarn[39m: [33mPOST /auth/register 500[39m
[23-01-2023 22:02:53] [33mwarn[39m: [33mPOST /auth/register 500[39m
[23-01-2023 22:04:14] [33mwarn[39m: [33mPOST /auth/register 500[39m
[23-01-2023 22:06:53] [33mwarn[39m: [33mPOST /auth/register 500[39m
[23-01-2023 22:10:20] [33mwarn[39m: [33mPOST /auth/register 500[39m
[23-01-2023 22:14:14] [31merror[39m: [31mPOST /auth/login 404[39m
[23-01-2023 22:14:38] [33mwarn[39m: [33mPOST /auth/register 500[39m
[23-01-2023 22:16:06] [33mwarn[39m: [33mPOST /auth/register 500[39m
[23-01-2023 22:20:27] [33mwarn[39m: [33mPOST /auth/register 500[39m
[23-01-2023 22:41:27] [31merror[39m: [31mPOST / 404[39m
[23-01-2023 22:41:56] [33mwarn[39m: [33mPOST /auth/register 500[39m
[23-01-2023 22:42:24] [31merror[39m: [31mGET /uploads/ 404[39m
[23-01-2023 22:42:44] [33mwarn[39m: [33mPOST /consultas 500[39m
[23-01-2023 22:44:33] [31merror[39m: [31mGET /uploads/ 404[39m
[23-01-2023 22:44:44] [31merror[39m: [31mGET /uploads/ 404[39m
[24-01-2023 19:17:43] [31merror[39m: [31mGET /favicon.ico 404[39m
[24-01-2023 19:18:11] [31merror[39m: [31mGET /uploads/ 404[39m
[24-01-2023 19:18:14] [33mwarn[39m: [33mPOST /consultas 500[39m
[24-01-2023 20:06:10] [31merror[39m: [31mGET /consultas 302[39m
[24-01-2023 20:06:21] [31merror[39m: [31mGET /images/https://d28hi93gr697ol.cloudfront.net/9ef84dda-32dd-4016-7da3-1c0a824fffb4/img/Producto/c43f6872-8c82-0562-deb1-fc9b9db03acf/48463-min-63b5a1eb1d73f.jpg 404[39m
[24-01-2023 20:06:28] [31merror[39m: [31mGET /images/https://d28hi93gr697ol.cloudfront.net/9ef84dda-32dd-4016-7da3-1c0a824fffb4/img/Producto/c43f6872-8c82-0562-deb1-fc9b9db03acf/48463-min-63b5a1eb1d73f.jpg 404[39m
[24-01-2023 20:06:33] [31merror[39m: [31mGET /images/https://d28hi93gr697ol.cloudfront.net/9ef84dda-32dd-4016-7da3-1c0a824fffb4/img/Producto/c43f6872-8c82-0562-deb1-fc9b9db03acf/48463-min-63b5a1eb1d73f.jpg 404[39m
[24-01-2023 20:06:47] [31merror[39m: [31mGET /images/https://d28hi93gr697ol.cloudfront.net/9ef84dda-32dd-4016-7da3-1c0a824fffb4/img/Producto/c43f6872-8c82-0562-deb1-fc9b9db03acf/48463-min-63b5a1eb1d73f.jpg 404[39m
[24-01-2023 20:06:51] [31merror[39m: [31mGET /uploads/ 404[39m
[24-01-2023 20:07:01] [31merror[39m: [31mGET /images/https://d28hi93gr697ol.cloudfront.net/9ef84dda-32dd-4016-7da3-1c0a824fffb4/img/Producto/c43f6872-8c82-0562-deb1-fc9b9db03acf/48463-min-63b5a1eb1d73f.jpg 404[39m
[24-01-2023 20:12:51] [31merror[39m: [31mGET /images/https://www.electromisiones.com.ar/22825-medium_default/heladera_drean_hdr280f00b_cycle_defrost_con_freezer_277_litros.jpg 404[39m
[24-01-2023 20:12:51] [31merror[39m: [31mGET /images/https://d28hi93gr697ol.cloudfront.net/9ef84dda-32dd-4016-7da3-1c0a824fffb4/img/Producto/c43f6872-8c82-0562-deb1-fc9b9db03acf/48463-min-63b5a1eb1d73f.jpg 404[39m
[24-01-2023 20:12:51] [31merror[39m: [31mGET /images/https://whirlpoolarg.vtexassets.com/arquivos/ids/162615/perspectiva02-min.jpg?v=637813104308200000 404[39m
[24-01-2023 20:14:46] [31merror[39m: [31mGET /images/https://d28hi93gr697ol.cloudfront.net/9ef84dda-32dd-4016-7da3-1c0a824fffb4/img/Producto/c43f6872-8c82-0562-deb1-fc9b9db03acf/48463-min-63b5a1eb1d73f.jpg 404[39m
[24-01-2023 20:14:46] [31merror[39m: [31mGET /images/https://www.electromisiones.com.ar/22825-medium_default/heladera_drean_hdr280f00b_cycle_defrost_con_freezer_277_litros.jpg 404[39m
[24-01-2023 20:14:46] [31merror[39m: [31mGET /images/https://whirlpoolarg.vtexassets.com/arquivos/ids/162615/perspectiva02-min.jpg?v=637813104308200000 404[39m
[24-01-2023 20:14:46] [31merror[39m: [31mGET /images/http://cdn.shopify.com/s/files/1/0458/2598/2632/products/lavavajillasaristonacero15cubiertos.jpg?v=1665656606 404[39m
[24-01-2023 20:15:00] [31merror[39m: [31mGET /images/https://d28hi93gr697ol.cloudfront.net/9ef84dda-32dd-4016-7da3-1c0a824fffb4/img/Producto/c43f6872-8c82-0562-deb1-fc9b9db03acf/48463-min-63b5a1eb1d73f.jpg 404[39m
[24-01-2023 20:18:11] [31merror[39m: [31mGET /images/https://d28hi93gr697ol.cloudfront.net/9ef84dda-32dd-4016-7da3-1c0a824fffb4/img/Producto/c43f6872-8c82-0562-deb1-fc9b9db03acf/48463-min-63b5a1eb1d73f.jpg 404[39m
[24-01-2023 20:18:11] [31merror[39m: [31mGET /images/https://www.electromisiones.com.ar/22825-medium_default/heladera_drean_hdr280f00b_cycle_defrost_con_freezer_277_litros.jpg 404[39m
[24-01-2023 20:18:11] [31merror[39m: [31mGET /images/https://whirlpoolarg.vtexassets.com/arquivos/ids/162615/perspectiva02-min.jpg?v=637813104308200000 404[39m
[24-01-2023 20:18:11] [31merror[39m: [31mGET /images/http://cdn.shopify.com/s/files/1/0458/2598/2632/products/lavavajillasaristonacero15cubiertos.jpg?v=1665656606 404[39m
[24-01-2023 20:18:11] [31merror[39m: [31mGET /images/https://electrosurml.com.ar/wp-content/uploads/2019/09/913770-MLA31925067801_082019-O.jpg 404[39m
[24-01-2023 20:18:16] [31merror[39m: [31mGET /images/https://electrosurml.com.ar/wp-content/uploads/2019/09/913770-MLA31925067801_082019-O.jpg 404[39m
[24-01-2023 20:18:19] [31merror[39m: [31mGET /images/https://d28hi93gr697ol.cloudfront.net/9ef84dda-32dd-4016-7da3-1c0a824fffb4/img/Producto/c43f6872-8c82-0562-deb1-fc9b9db03acf/48463-min-63b5a1eb1d73f.jpg 404[39m
[24-01-2023 20:18:19] [31merror[39m: [31mGET /images/https://www.electromisiones.com.ar/22825-medium_default/heladera_drean_hdr280f00b_cycle_defrost_con_freezer_277_litros.jpg 404[39m
[24-01-2023 20:18:19] [31merror[39m: [31mGET /images/https://whirlpoolarg.vtexassets.com/arquivos/ids/162615/perspectiva02-min.jpg?v=637813104308200000 404[39m
[24-01-2023 20:18:19] [31merror[39m: [31mGET /images/http://cdn.shopify.com/s/files/1/0458/2598/2632/products/lavavajillasaristonacero15cubiertos.jpg?v=1665656606 404[39m
[24-01-2023 20:18:19] [31merror[39m: [31mGET /images/https://electrosurml.com.ar/wp-content/uploads/2019/09/913770-MLA31925067801_082019-O.jpg 404[39m
[24-01-2023 20:18:20] [31merror[39m: [31mGET /images/https://www.electromisiones.com.ar/22825-medium_default/heladera_drean_hdr280f00b_cycle_defrost_con_freezer_277_litros.jpg 404[39m
[24-01-2023 20:18:23] [31merror[39m: [31mGET /images/https://electrosurml.com.ar/wp-content/uploads/2019/09/913770-MLA31925067801_082019-O.jpg 404[39m
[24-01-2023 20:18:23] [31merror[39m: [31mGET /images/https://www.electromisiones.com.ar/22825-medium_default/heladera_drean_hdr280f00b_cycle_defrost_con_freezer_277_litros.jpg 404[39m
[24-01-2023 20:18:25] [31merror[39m: [31mGET /images/https://electrosurml.com.ar/wp-content/uploads/2019/09/913770-MLA31925067801_082019-O.jpg 404[39m
[24-01-2023 20:18:25] [31merror[39m: [31mGET /images/https://www.electromisiones.com.ar/22825-medium_default/heladera_drean_hdr280f00b_cycle_defrost_con_freezer_277_litros.jpg 404[39m
[24-01-2023 20:18:31] [31merror[39m: [31mGET /images/https://electrosurml.com.ar/wp-content/uploads/2019/09/913770-MLA31925067801_082019-O.jpg 404[39m
[24-01-2023 20:18:31] [31merror[39m: [31mGET /images/https://www.electromisiones.com.ar/22825-medium_default/heladera_drean_hdr280f00b_cycle_defrost_con_freezer_277_litros.jpg 404[39m
[24-01-2023 20:20:33] [31merror[39m: [31mGET /images/https://whirlpoolarg.vtexassets.com/arquivos/ids/162615/perspectiva02-min.jpg?v=637813104308200000 404[39m
[24-01-2023 20:20:33] [31merror[39m: [31mGET /images/https://d28hi93gr697ol.cloudfront.net/9ef84dda-32dd-4016-7da3-1c0a824fffb4/img/Producto/c43f6872-8c82-0562-deb1-fc9b9db03acf/48463-min-63b5a1eb1d73f.jpg 404[39m
[24-01-2023 20:20:33] [31merror[39m: [31mGET /images/https://www.electromisiones.com.ar/22825-medium_default/heladera_drean_hdr280f00b_cycle_defrost_con_freezer_277_litros.jpg 404[39m
[24-01-2023 20:20:33] [31merror[39m: [31mGET /images/http://cdn.shopify.com/s/files/1/0458/2598/2632/products/lavavajillasaristonacero15cubiertos.jpg?v=1665656606 404[39m
[24-01-2023 20:20:33] [31merror[39m: [31mGET /images/https://electrosurml.com.ar/wp-content/uploads/2019/09/913770-MLA31925067801_082019-O.jpg 404[39m
[24-01-2023 20:20:37] [31merror[39m: [31mGET /uploads/ 404[39m
[24-01-2023 20:20:59] [33mwarn[39m: [33mPOST /consultas 500[39m
[24-01-2023 20:23:50] [31merror[39m: [31mGET /uploads/ 404[39m
[24-01-2023 20:23:55] [31merror[39m: [31mGET /images/https://d28hi93gr697ol.cloudfront.net/9ef84dda-32dd-4016-7da3-1c0a824fffb4/img/Producto/c43f6872-8c82-0562-deb1-fc9b9db03acf/48463-min-63b5a1eb1d73f.jpg 404[39m
[24-01-2023 20:25:09] [31merror[39m: [31mGET /images/https://d28hi93gr697ol.cloudfront.net/9ef84dda-32dd-4016-7da3-1c0a824fffb4/img/Producto/c43f6872-8c82-0562-deb1-fc9b9db03acf/48463-min-63b5a1eb1d73f.jpg 404[39m
[24-01-2023 20:25:16] [31merror[39m: [31mGET /images/https://d28hi93gr697ol.cloudfront.net/9ef84dda-32dd-4016-7da3-1c0a824fffb4/img/Producto/c43f6872-8c82-0562-deb1-fc9b9db03acf/48463-min-63b5a1eb1d73f.jpg 404[39m
[24-01-2023 20:26:39] [31merror[39m: [31mGET /images/https://d28hi93gr697ol.cloudfront.net/9ef84dda-32dd-4016-7da3-1c0a824fffb4/img/Producto/c43f6872-8c82-0562-deb1-fc9b9db03acf/48463-min-63b5a1eb1d73f.jpg 404[39m
[24-01-2023 20:26:42] [31merror[39m: [31mGET /images/https://d28hi93gr697ol.cloudfront.net/9ef84dda-32dd-4016-7da3-1c0a824fffb4/img/Producto/c43f6872-8c82-0562-deb1-fc9b9db03acf/48463-min-63b5a1eb1d73f.jpg 404[39m
[24-01-2023 20:26:42] [31merror[39m: [31mGET /images/https://www.electromisiones.com.ar/22825-medium_default/heladera_drean_hdr280f00b_cycle_defrost_con_freezer_277_litros.jpg 404[39m
[24-01-2023 20:26:42] [31merror[39m: [31mGET /images/https://whirlpoolarg.vtexassets.com/arquivos/ids/162615/perspectiva02-min.jpg?v=637813104308200000 404[39m
[24-01-2023 20:26:42] [31merror[39m: [31mGET /images/http://cdn.shopify.com/s/files/1/0458/2598/2632/products/lavavajillasaristonacero15cubiertos.jpg?v=1665656606 404[39m
[24-01-2023 20:26:42] [31merror[39m: [31mGET /images/https://electrosurml.com.ar/wp-content/uploads/2019/09/913770-MLA31925067801_082019-O.jpg 404[39m
[24-01-2023 20:26:45] [31merror[39m: [31mGET /images/https://electrosurml.com.ar/wp-content/uploads/2019/09/913770-MLA31925067801_082019-O.jpg 404[39m
[24-01-2023 20:27:29] [31merror[39m: [31mGET /images/https://electrosurml.com.ar/wp-content/uploads/2019/09/913770-MLA31925067801_082019-O.jpg 404[39m
[24-01-2023 20:27:33] [31merror[39m: [31mGET /images/https://d28hi93gr697ol.cloudfront.net/9ef84dda-32dd-4016-7da3-1c0a824fffb4/img/Producto/c43f6872-8c82-0562-deb1-fc9b9db03acf/48463-min-63b5a1eb1d73f.jpg 404[39m
[24-01-2023 20:27:33] [31merror[39m: [31mGET /images/https://www.electromisiones.com.ar/22825-medium_default/heladera_drean_hdr280f00b_cycle_defrost_con_freezer_277_litros.jpg 404[39m
[24-01-2023 20:27:33] [31merror[39m: [31mGET /images/https://whirlpoolarg.vtexassets.com/arquivos/ids/162615/perspectiva02-min.jpg?v=637813104308200000 404[39m
[24-01-2023 20:27:33] [31merror[39m: [31mGET /images/http://cdn.shopify.com/s/files/1/0458/2598/2632/products/lavavajillasaristonacero15cubiertos.jpg?v=1665656606 404[39m
[24-01-2023 20:27:33] [31merror[39m: [31mGET /images/https://electrosurml.com.ar/wp-content/uploads/2019/09/913770-MLA31925067801_082019-O.jpg 404[39m
[24-01-2023 20:27:35] [31merror[39m: [31mGET /images/https://electrosurml.com.ar/wp-content/uploads/2019/09/913770-MLA31925067801_082019-O.jpg 404[39m
[24-01-2023 20:29:10] [31merror[39m: [31mGET /images/https://www.electromisiones.com.ar/22825-medium_default/heladera_drean_hdr280f00b_cycle_defrost_con_freezer_277_litros.jpg 404[39m
[24-01-2023 20:29:10] [31merror[39m: [31mGET /images/https://whirlpoolarg.vtexassets.com/arquivos/ids/162615/perspectiva02-min.jpg?v=637813104308200000 404[39m
[24-01-2023 20:29:10] [31merror[39m: [31mGET /images/http://cdn.shopify.com/s/files/1/0458/2598/2632/products/lavavajillasaristonacero15cubiertos.jpg?v=1665656606 404[39m
[24-01-2023 20:30:39] [31merror[39m: [31mGET /images/https://whirlpoolarg.vtexassets.com/arquivos/ids/162615/perspectiva02-min.jpg?v=637813104308200000 404[39m
[24-01-2023 20:30:39] [31merror[39m: [31mGET /images/http://cdn.shopify.com/s/files/1/0458/2598/2632/products/lavavajillasaristonacero15cubiertos.jpg?v=1665656606 404[39m
[24-01-2023 20:32:19] [31merror[39m: [31mGET /images/http://cdn.shopify.com/s/files/1/0458/2598/2632/products/lavavajillasaristonacero15cubiertos.jpg?v=1665656606 404[39m
[24-01-2023 20:39:06] [31merror[39m: [31mGET / 302[39m
[24-01-2023 20:43:13] [31merror[39m: [31mGET /api/productos/category 404[39m
[24-01-2023 20:43:17] [31merror[39m: [31mGET /api/productos 404[39m
[24-01-2023 21:11:40] [31merror[39m: [31mGET / 302[39m
[24-01-2023 21:15:18] [31merror[39m: [31mGET /uploads/ 404[39m
[24-01-2023 21:15:28] [33mwarn[39m: [33mPOST /consultas 500[39m
[24-01-2023 21:16:07] [31merror[39m: [31mGET /uploads/ 404[39m
[24-01-2023 21:16:19] [31merror[39m: [31mGET /images/https://electrosurml.com.ar/wp-content/uploads/2019/09/913770-MLA31925067801_082019-O.jpg 404[39m
[24-01-2023 21:16:19] [31merror[39m: [31mGET /images/https://www.electromisiones.com.ar/22825-medium_default/heladera_drean_hdr280f00b_cycle_defrost_con_freezer_277_litros.jpg 404[39m
[24-01-2023 21:16:26] [31merror[39m: [31mGET /images/https://electrosurml.com.ar/wp-content/uploads/2019/09/913770-MLA31925067801_082019-O.jpg 404[39m
[24-01-2023 21:16:26] [31merror[39m: [31mGET /images/https://www.electromisiones.com.ar/22825-medium_default/heladera_drean_hdr280f00b_cycle_defrost_con_freezer_277_litros.jpg 404[39m
[24-01-2023 21:17:46] [31merror[39m: [31mGET /uploads/ 404[39m
[24-01-2023 21:31:55] [31merror[39m: [31mGET /uploads/ 404[39m
[24-01-2023 21:31:58] [33mwarn[39m: [33mPOST /consultas 500[39m
[24-01-2023 21:32:34] [31merror[39m: [31mGET /uploads/ 404[39m
[24-01-2023 21:32:37] [33mwarn[39m: [33mPOST /consultas 500[39m
[24-01-2023 21:33:18] [31merror[39m: [31mGET /uploads/ 404[39m
[24-01-2023 21:33:20] [33mwarn[39m: [33mPOST /consultas 500[39m
[24-01-2023 21:33:53] [31merror[39m: [31mGET /uploads/ 404[39m
[24-01-2023 21:33:56] [33mwarn[39m: [33mPOST /consultas 500[39m
[24-01-2023 21:41:50] [31merror[39m: [31mGET / 302[39m
[24-01-2023 21:42:08] [31merror[39m: [31mGET /uploads/ 404[39m
[24-01-2023 21:42:10] [33mwarn[39m: [33mPOST /consultas 500[39m
[24-01-2023 21:43:28] [31merror[39m: [31mGET /uploads/ 404[39m
[24-01-2023 21:43:30] [33mwarn[39m: [33mPOST /consultas 500[39m
[25-01-2023 19:55:00] [31merror[39m: [31mGET /favicon.ico 404[39m
[25-01-2023 19:55:38] [31merror[39m: [31mGET /uploads/ 404[39m
[25-01-2023 19:55:45] [33mwarn[39m: [33mPOST /consultas 500[39m
[27-01-2023 20:22:22] [31merror[39m: [31mGET /favicon.ico 404[39m
[27-01-2023 20:23:34] [31merror[39m: [31mGET /uploads/ 404[39m
[27-01-2023 20:24:27] [31merror[39m: [31mGET /uploads/ 404[39m
[27-01-2023 20:25:40] [31merror[39m: [31mGET /uploads/ 404[39m
[27-01-2023 20:27:07] [31merror[39m: [31mGET /uploads/ 404[39m
[27-01-2023 20:27:13] [33mwarn[39m: [33mPOST /consultas 500[39m
[27-01-2023 20:28:22] [31merror[39m: [31mGET /uploads/ 404[39m
[27-01-2023 20:28:25] [33mwarn[39m: [33mPOST /consultas 500[39m
[27-01-2023 20:37:18] [31merror[39m: [31mGET /uploads/ 404[39m
[27-01-2023 20:37:21] [33mwarn[39m: [33mPOST /consultas 500[39m
[27-01-2023 20:38:55] [31merror[39m: [31mGET /uploads/ 404[39m
[27-01-2023 20:38:58] [33mwarn[39m: [33mPOST /consultas 500[39m
[27-01-2023 20:41:08] [31merror[39m: [31mGET /uploads/ 404[39m
[27-01-2023 20:41:11] [33mwarn[39m: [33mPOST /consultas 500[39m
[27-01-2023 20:43:58] [31merror[39m: [31mGET /uploads/ 404[39m
[27-01-2023 20:44:01] [33mwarn[39m: [33mPOST /consultas 500[39m
[27-01-2023 20:52:15] [31merror[39m: [31mGET /uploads/ 404[39m
[27-01-2023 20:53:22] [31merror[39m: [31mGET / 302[39m
[27-01-2023 20:58:34] [31merror[39m: [31mGET /uploads/undefined 404[39m
[27-01-2023 20:58:37] [31merror[39m: [31mGET /uploads/undefined 404[39m
[27-01-2023 20:58:58] [31merror[39m: [31mGET /uploads/undefined 404[39m
[27-01-2023 20:59:09] [31merror[39m: [31mGET /uploads/undefined 404[39m
[27-01-2023 20:59:30] [31merror[39m: [31mGET /uploads/undefined 404[39m
[27-01-2023 21:02:04] [31merror[39m: [31mGET /uploads/undefined 404[39m
[27-01-2023 21:02:08] [31merror[39m: [31mGET /uploads/undefined 404[39m
[27-01-2023 21:02:40] [33mwarn[39m: [33mPOST /auth/register 500[39m
[27-01-2023 21:07:01] [33mwarn[39m: [33mPOST /auth/register 500[39m
[27-01-2023 21:25:03] [33mwarn[39m: [33mPOST /auth/register 500[39m
[27-01-2023 21:29:43] [33mwarn[39m: [33mPOST /auth/register 500[39m
[27-01-2023 21:32:05] [33mwarn[39m: [33mPOST /auth/register 500[39m
[27-01-2023 21:54:22] [33mwarn[39m: [33mPOST /auth/register 500[39m
[27-01-2023 21:58:59] [33mwarn[39m: [33mPOST /auth/register 500[39m
[27-01-2023 22:02:33] [33mwarn[39m: [33mPOST /auth/register 500[39m
[27-01-2023 22:03:45] [33mwarn[39m: [33mPOST /auth/register 500[39m
[27-01-2023 22:04:49] [33mwarn[39m: [33mPOST /auth/register 500[39m
[27-01-2023 22:05:42] [31merror[39m: [31mPOST /auth/register 409[39m
[27-01-2023 22:20:35] [31merror[39m: [31mPOST /auth/register 409[39m
[27-01-2023 22:27:29] [31merror[39m: [31mGET /uploads/undefined 404[39m
[27-01-2023 22:27:43] [31merror[39m: [31mGET /uploads/undefined 404[39m
[27-01-2023 22:53:41] [31merror[39m: [31mPOST /auth/register 409[39m
[27-01-2023 23:00:20] [33mwarn[39m: [33mPOST /auth/register 500[39m
[27-01-2023 23:02:05] [33mwarn[39m: [33mPOST /auth/register 500[39m
[27-01-2023 23:03:53] [31merror[39m: [31mPOST /auth/login 404[39m
[27-01-2023 23:04:17] [33mwarn[39m: [33mPOST /auth/register 500[39m
[27-01-2023 23:05:57] [31merror[39m: [31mPOST /auth/login 404[39m
[27-01-2023 23:09:41] [31merror[39m: [31mPOST /auth/login 404[39m
[27-01-2023 23:11:46] [31merror[39m: [31mPOST /auth/login 404[39m
[27-01-2023 23:12:04] [31merror[39m: [31mPOST /auth/register 409[39m
[27-01-2023 23:13:05] [31merror[39m: [31mPOST /auth/login 404[39m
[27-01-2023 23:16:29] [31merror[39m: [31mGET / 500[39m
[27-01-2023 23:16:31] [31merror[39m: [31mGET / 500[39m
[27-01-2023 23:16:33] [31merror[39m: [31mGET / 500[39m
[27-01-2023 23:17:11] [31merror[39m: [31mGET / 500[39m
[27-01-2023 23:17:54] [31merror[39m: [31mGET / 500[39m
[27-01-2023 23:18:26] [31merror[39m: [31mGET / 500[39m
[27-01-2023 23:18:30] [31merror[39m: [31mGET / 500[39m
[27-01-2023 23:19:32] [31merror[39m: [31mGET / 500[39m
[27-01-2023 23:19:33] [31merror[39m: [31mGET / 500[39m
[27-01-2023 23:20:01] [31merror[39m: [31mGET / 500[39m
[27-01-2023 23:21:38] [33mwarn[39m: [33mPOST /auth/register 500[39m
[27-01-2023 23:24:05] [33mwarn[39m: [33mPOST /auth/register 500[39m
[27-01-2023 23:30:10] [31merror[39m: [31mGET /uploads/undefined 404[39m
[27-01-2023 23:31:14] [31merror[39m: [31mGET /uploads/undefined 404[39m
[27-01-2023 23:31:17] [31merror[39m: [31mGET /uploads/undefined 404[39m
[27-01-2023 23:34:04] [31merror[39m: [31mGET /uploads/undefined 404[39m
[27-01-2023 23:35:27] [31merror[39m: [31mGET /assets/css/bootstrap.min.css.map 404[39m
[27-01-2023 23:43:43] [31merror[39m: [31mGET /uploads/undefined 404[39m
[27-01-2023 23:43:45] [31merror[39m: [31mGET /uploads/undefined 404[39m
[27-01-2023 23:44:51] [31merror[39m: [31mGET /assets/css/bootstrap.min.css.map 404[39m
[27-01-2023 23:53:37] [33mwarn[39m: [33mPOST /auth/register 500[39m
[27-01-2023 23:55:03] [33mwarn[39m: [33mPOST /auth/register 500[39m
[27-01-2023 23:57:36] [33mwarn[39m: [33mPOST /auth/register 500[39m
[27-01-2023 23:59:01] [33mwarn[39m: [33mPOST /auth/register 500[39m
[28-01-2023 12:21:59] [31merror[39m: [31mGET /favicon.ico 404[39m
[28-01-2023 12:45:47] [33mwarn[39m: [33mPOST /auth/register 500[39m
[28-01-2023 13:23:03] [33mwarn[39m: [33mPOST /auth/register 500[39m
[28-01-2023 13:37:14] [31merror[39m: [31mGET /favicon.ico 404[39m
[28-01-2023 17:57:29] [31merror[39m: [31mGET / 302[39m
[29-01-2023 20:42:30] [31merror[39m: [31mGET /favicon.ico 404[39m
[29-01-2023 22:22:01] [31merror[39m: [31mGET /public/views/pages/add-product.ejs 404[39m
[29-01-2023 22:49:05] [31merror[39m: [31mGET /images/iphone.jpg 404[39m
